<?xml version="1.0" encoding="UTF-8"?>
<!-- Generated by org.testng.reporters.JUnitReportReporter -->
<testsuite hostname="LAPTOP-KTH72RIV" failures="0" tests="2" name="com.TekArc.Framework.frameWork_testCases.CreatAccTestNg" time="43.845" errors="0" timestamp="2020-08-06T11:35:08 PDT" skipped="0">
  <testcase classname="com.TekArc.Framework.frameWork_testCases.CreatAccTestNg" name="salesforce_TC10" time="23.832"/>
  <system-out/>
  <testcase classname="com.TekArc.Framework.frameWork_testCases.CreatAccTestNg" name="salesforce_TC11" time="20.013"/>
  <system-out/>
</testsuite> <!-- com.TekArc.Framework.frameWork_testCases.CreatAccTestNg -->
