<?xml version="1.0" encoding="UTF-8"?>
<!-- Generated by org.testng.reporters.JUnitReportReporter -->
<testsuite hostname="LAPTOP-KTH72RIV" failures="0" tests="3" name="com.TekArc.Framework.frameWork_testCases.SFDCtestNg" time="35.121" errors="0" timestamp="2020-08-06T11:35:08 PDT" skipped="0">
  <testcase classname="com.TekArc.Framework.frameWork_testCases.SFDCtestNg" name="salesforce_TC5" time="7.331"/>
  <system-out/>
  <testcase classname="com.TekArc.Framework.frameWork_testCases.SFDCtestNg" name="salesforce_TC1" time="8.094"/>
  <system-out/>
  <testcase classname="com.TekArc.Framework.frameWork_testCases.SFDCtestNg" name="salesforce_TC4A" time="19.696"/>
  <system-out/>
</testsuite> <!-- com.TekArc.Framework.frameWork_testCases.SFDCtestNg -->
